INFO 2024-03-19 12:32:22,803 sss
INFO 2024-03-19 12:38:53,429 sss
INFO 2024-03-19 13:12:28,144 sss
INFO 2024-03-19 13:14:51,213 sss
INFO 2024-03-19 13:17:27,940 sss
INFO 2024-03-19 13:20:56,584 sss
INFO 2024-03-19 13:27:01,163 sss"/home/yanruxue/latr-main/src/new_latr/origin_deepsolo/deepsolo_origin_train.npy"
INFO 2024-03-19 13:32:41,165 sss init STVQA dataset... train:34231 val:4926
INFO 2024-03-19 14:00:58,739 iteration:0, val_loss:3.533688062517211, val_acc:684
INFO 2024-03-19 14:04:41,205 sss
INFO 2024-03-19 14:32:31,925 iteration:0, val_loss:3.444309342910101, val_acc:714
INFO 2024-03-19 14:55:27,670 iteration:500, val_loss:2.290056566390968, val_acc:1328
INFO 2024-03-19 15:17:45,106 iteration:1000, val_loss:2.0697938627710886, val_acc:1552
INFO 2024-03-19 15:41:32,073 iteration:1500, val_loss:1.9758738547643337, val_acc:1756
INFO 2024-03-19 16:05:38,339 iteration:2000, val_loss:1.9302080931395127, val_acc:1802
INFO 2024-03-19 16:30:06,604 iteration:2500, val_loss:1.881702073995883, val_acc:1792
INFO 2024-03-19 16:49:26,385 sss
INFO 2024-03-19 17:12:00,597 iteration:0, val_loss:1.8762633896124077, val_acc:1852
INFO 2024-03-19 17:36:52,666 iteration:500, val_loss:1.817531016963722, val_acc:1869
INFO 2024-03-19 18:20:27,371 iteration:1000, val_loss:1.8203309233484912, val_acc:1937
INFO 2024-03-19 18:45:18,489 iteration:1500, val_loss:1.819365292740948, val_acc:1956
INFO 2024-03-19 19:09:52,978 iteration:2000, val_loss:1.7847681846248438, val_acc:1993
INFO 2024-03-19 19:33:53,883 iteration:2500, val_loss:1.7568531640866938, val_acc:1964
INFO 2024-03-19 19:57:41,248 iteration:3000, val_loss:1.7603947453062234, val_acc:2014
INFO 2024-03-19 20:21:23,099 iteration:3500, val_loss:1.7345126139410703, val_acc:2019
INFO 2024-03-20 14:40:50,329 sss
INFO 2024-03-20 15:03:14,860 iteration:0, val_loss:1.7471842558795856, val_acc:2028
INFO 2024-03-20 15:31:55,917 iteration:1000, val_loss:1.7442379518935, val_acc:2079
INFO 2024-03-20 16:02:43,058 iteration:2000, val_loss:1.719064074313216, val_acc:2090
INFO 2024-03-20 16:29:45,972 iteration:3000, val_loss:1.740483276948516, val_acc:2074
INFO 2024-03-20 16:59:01,235 iteration:4000, val_loss:1.7071001717300462, val_acc:2036
INFO 2024-03-20 17:33:41,396 iteration:5000, val_loss:1.6901714080803616, val_acc:2097 this one
INFO 2024-03-20 18:08:18,838 iteration:6000, val_loss:1.6769844925519226, val_acc:2071
INFO 2024-03-20 18:13:50,894 sss

INFO 2024-03-20 21:04:32,064 sss
INFO 2024-03-20 21:12:59,800 sss
INFO 2024-03-20 21:20:10,108 sss
INFO 2024-03-20 21:27:32,368 sss
INFO 2024-03-20 21:38:23,138 sss
INFO 2024-03-20 21:49:04,764 sss
INFO 2024-03-20 21:57:15,666 sss
INFO 2024-03-20 22:03:34,518 sss
INFO 2024-03-20 22:12:16,623 sss
INFO 2024-03-20 22:17:25,024 sss    init TextVQA dataset... train:34602 val:5000
INFO 2024-03-20 22:24:02,191 sss
INFO 2024-03-20 23:03:07,718 iteration:0, val_loss:2.434673999534547, val_acc:1463
INFO 2024-03-20 23:09:13,438 sss
INFO 2024-03-20 23:39:39,241 iteration:0, val_loss:2.3825274554397913, val_acc:1488
INFO 2024-03-21 00:22:17,427 iteration:1000, val_loss:2.1629557154998182, val_acc:1549
INFO 2024-03-21 01:05:02,955 iteration:2000, val_loss:2.147800716474652, val_acc:1521
INFO 2024-03-21 01:57:56,593 iteration:3000, val_loss:2.0934753423944117, val_acc:1561
INFO 2024-03-21 02:54:03,998 iteration:4000, val_loss:2.0957751978654415, val_acc:1579
INFO 2024-03-21 03:54:48,002 iteration:5000, val_loss:2.0869074107611554, val_acc:1619
INFO 2024-03-21 04:51:03,026 iteration:6000, val_loss:2.039069410482049, val_acc:1573
INFO 2024-03-21 05:33:06,164 iteration:7000, val_loss:2.0634966024063526, val_acc:1663
INFO 2024-03-21 06:16:24,757 iteration:8000, val_loss:2.075747837897204, val_acc:1634
INFO 2024-03-21 06:59:31,651 iteration:9000, val_loss:2.0315583349277264, val_acc:1642
INFO 2024-03-21 07:42:03,146 iteration:10000, val_loss:2.0467851678399835, val_acc:1663
INFO 2024-03-21 08:23:58,112 iteration:11000, val_loss:2.0325970962982627, val_acc:1650
INFO 2024-03-21 09:05:13,608 iteration:12000, val_loss:2.0347678042075596, val_acc:1679
INFO 2024-03-21 09:46:40,514 iteration:13000, val_loss:2.0575096803630704, val_acc:1657
INFO 2024-03-21 10:28:11,728 iteration:14000, val_loss:2.0042291459687984, val_acc:1707
INFO 2024-03-21 11:10:45,622 iteration:15000, val_loss:1.9912091966354755, val_acc:1721
INFO 2024-03-21 11:55:08,791 iteration:16000, val_loss:1.9915656093946659, val_acc:1712
INFO 2024-03-21 12:37:40,581 iteration:17000, val_loss:1.9981742185635958, val_acc:1696
INFO 2024-03-21 13:18:42,191 iteration:18000, val_loss:1.9835867905510123, val_acc:1688
INFO 2024-03-21 13:59:32,291 iteration:19000, val_loss:1.9730314265657216, val_acc:1722
INFO 2024-03-21 14:41:28,330 iteration:20000, val_loss:1.9857257210517303, val_acc:1704
INFO 2024-03-21 14:51:42,417 sss
INFO 2024-03-21 15:33:09,472 iteration:0, val_loss:4.43372767387029, val_acc:436
INFO 2024-03-21 16:15:46,731 iteration:1000, val_loss:2.5723016990508882, val_acc:1183
INFO 2024-03-21 16:58:08,195 iteration:2000, val_loss:2.357903158742003, val_acc:1319
INFO 2024-03-21 17:39:44,372 iteration:3000, val_loss:2.286375565322116, val_acc:1380
INFO 2024-03-21 18:19:28,287 iteration:4000, val_loss:2.2800493826581167, val_acc:1433
INFO 2024-03-21 18:59:59,359 iteration:5000, val_loss:2.198975693718344, val_acc:1481
INFO 2024-03-21 19:41:21,329 iteration:6000, val_loss:2.1634061823030932, val_acc:1507
INFO 2024-03-21 20:23:08,439 iteration:7000, val_loss:2.178494614010118, val_acc:1492
INFO 2024-03-21 21:04:23,176 iteration:8000, val_loss:2.142271831766609, val_acc:1571
INFO 2024-03-21 21:42:55,854 iteration:9000, val_loss:2.1128835524788125, val_acc:1643
INFO 2024-03-21 22:12:54,060 iteration:10000, val_loss:2.104315192842856, val_acc:1621
INFO 2024-03-21 22:43:30,052 iteration:11000, val_loss:2.0806818160842173, val_acc:1644
INFO 2024-03-21 23:11:17,109 iteration:12000, val_loss:2.0599326812619343, val_acc:1641
INFO 2024-03-21 23:38:32,770 iteration:13000, val_loss:2.0471409179859794, val_acc:1629
INFO 2024-03-22 00:06:31,971 iteration:14000, val_loss:2.0792308829898016, val_acc:1656
INFO 2024-03-22 00:34:06,096 iteration:15000, val_loss:2.0424156238679774, val_acc:1683
INFO 2024-03-22 01:01:49,778 iteration:16000, val_loss:2.0467652040269693, val_acc:1638
INFO 2024-03-22 01:30:18,795 iteration:17000, val_loss:2.0452678928339854, val_acc:1701
INFO 2024-03-22 01:58:59,284 iteration:18000, val_loss:2.022092189201992, val_acc:1700
INFO 2024-03-22 02:27:08,260 iteration:19000, val_loss:2.0097792926105207, val_acc:1707
INFO 2024-03-22 02:54:51,410 iteration:20000, val_loss:2.000924379171431, val_acc:1698
INFO 2024-03-22 03:22:24,175 iteration:21000, val_loss:2.0148082482447847, val_acc:1707
INFO 2024-03-22 03:50:27,151 iteration:22000, val_loss:2.013225708588818, val_acc:1721
INFO 2024-03-22 04:18:42,874 iteration:23000, val_loss:2.00634871716788, val_acc:1726
INFO 2024-03-22 04:47:54,207 iteration:24000, val_loss:1.978967606269475, val_acc:1732
INFO 2024-03-22 05:17:28,010 iteration:25000, val_loss:1.9760323602417948, val_acc:1746
INFO 2024-03-22 05:46:18,719 iteration:26000, val_loss:1.9749967871809377, val_acc:1752
INFO 2024-03-22 06:15:39,715 iteration:27000, val_loss:1.9614456454107538, val_acc:1738
INFO 2024-03-22 06:44:06,136 iteration:28000, val_loss:1.9659790889184923, val_acc:1753
INFO 2024-03-22 07:13:46,652 iteration:29000, val_loss:1.9579844830704853, val_acc:1715
INFO 2024-03-22 07:43:09,896 iteration:30000, val_loss:1.98725616145283, val_acc:1739
INFO 2024-03-22 08:13:01,168 iteration:31000, val_loss:1.9569221866894513, val_acc:1759
INFO 2024-03-22 08:46:00,665 iteration:32000, val_loss:1.9534785428218078, val_acc:1768
INFO 2024-03-22 09:18:53,303 iteration:33000, val_loss:1.970202154600434, val_acc:1745
INFO 2024-03-22 09:47:19,814 iteration:34000, val_loss:1.973432823993312, val_acc:1770
INFO 2024-03-22 10:17:14,062 iteration:35000, val_loss:1.9667100236337167, val_acc:1744
INFO 2024-03-22 10:45:42,434 iteration:36000, val_loss:1.9625120714372024, val_acc:1772
INFO 2024-03-22 11:14:13,728 iteration:37000, val_loss:1.9530779556935187, val_acc:1737
INFO 2024-03-22 11:43:31,351 iteration:38000, val_loss:1.947620116213383, val_acc:1771
INFO 2024-03-22 12:13:07,808 iteration:39000, val_loss:1.9334312690595166, val_acc:1759
INFO 2024-03-22 12:41:48,767 iteration:40000, val_loss:1.9597571066277102, val_acc:1758
INFO 2024-03-22 13:11:06,954 iteration:41000, val_loss:1.9326421711549162, val_acc:1764
INFO 2024-03-22 13:39:41,722 iteration:42000, val_loss:1.9282857134513092, val_acc:1748
INFO 2024-03-22 14:08:54,630 iteration:43000, val_loss:1.9265740475366357, val_acc:1787
INFO 2024-03-22 17:38:36,854 sss
INFO 2024-03-22 18:01:01,597 iteration:0, val_loss:1.9264606969328597, val_acc:1812
INFO 2024-03-22 18:30:25,759 iteration:1000, val_loss:1.9116655759724788, val_acc:1766
INFO 2024-03-22 18:59:52,627 iteration:2000, val_loss:1.9543307482877745, val_acc:1772
INFO 2024-03-22 19:27:28,861 iteration:3000, val_loss:1.929714059877675, val_acc:1763
INFO 2024-03-22 19:54:31,114 iteration:4000, val_loss:1.9570132634289097, val_acc:1778
INFO 2024-03-22 20:22:10,145 iteration:5000, val_loss:1.9156803599590901, val_acc:1795
INFO 2024-03-22 20:50:01,112 iteration:6000, val_loss:1.9344627966990695, val_acc:1785
INFO 2024-03-22 21:18:02,675 iteration:7000, val_loss:1.9273081184913405, val_acc:1816
INFO 2024-03-22 21:47:58,623 iteration:8000, val_loss:1.928057015990326, val_acc:1814
INFO 2024-03-22 22:17:39,523 iteration:9000, val_loss:1.9317791408072924, val_acc:1825
INFO 2024-03-22 22:48:04,705 iteration:10000, val_loss:1.9381754506788682, val_acc:1789
INFO 2024-03-22 23:16:50,804 iteration:11000, val_loss:1.9372265923910308, val_acc:1773
INFO 2024-03-22 23:45:41,376 iteration:12000, val_loss:1.9284203713913448, val_acc:1816
INFO 2024-03-23 00:14:13,896 iteration:13000, val_loss:1.9421156320681796, val_acc:1817
INFO 2024-03-23 00:44:02,648 iteration:14000, val_loss:1.9750558159100124, val_acc:1846
INFO 2024-03-23 01:13:15,017 iteration:15000, val_loss:1.916861125853099, val_acc:1785
INFO 2024-03-23 01:41:48,732 iteration:16000, val_loss:1.9133106265184703, val_acc:1835
INFO 2024-03-23 02:09:56,996 iteration:17000, val_loss:1.9297412739382591, val_acc:1818
INFO 2024-03-23 02:38:00,073 iteration:18000, val_loss:1.9020811916439795, val_acc:1812
INFO 2024-03-23 03:07:13,627 iteration:19000, val_loss:1.926138450664468, val_acc:1806
INFO 2024-03-23 03:35:30,911 iteration:20000, val_loss:1.9178373468892416, val_acc:1836
INFO 2024-03-23 04:03:38,792 iteration:21000, val_loss:1.9399864252958912, val_acc:1827
INFO 2024-03-23 04:31:47,345 iteration:22000, val_loss:1.922751991418819, val_acc:1855
INFO 2024-03-23 05:00:29,847 iteration:23000, val_loss:1.9360755524258129, val_acc:1803
INFO 2024-03-23 05:28:19,712 iteration:24000, val_loss:1.9166736294189934, val_acc:1861
INFO 2024-03-23 05:56:16,228 iteration:25000, val_loss:1.892952323761885, val_acc:1844
INFO 2024-03-23 06:24:39,698 iteration:26000, val_loss:1.9044383400431135, val_acc:1844
INFO 2024-03-23 06:53:11,046 iteration:27000, val_loss:1.9281141392924124, val_acc:1830
INFO 2024-03-23 07:21:10,864 iteration:28000, val_loss:1.9273590635664761, val_acc:1863 this one
INFO 2024-03-23 07:50:29,299 iteration:29000, val_loss:1.9027537342789815, val_acc:1813
INFO 2024-03-23 08:18:52,156 iteration:30000, val_loss:1.9264755791849224, val_acc:1849
INFO 2024-03-23 08:47:40,756 iteration:31000, val_loss:1.9311795993738807, val_acc:1824
INFO 2024-03-23 09:15:50,153 iteration:32000, val_loss:1.9032941264719003, val_acc:1860
INFO 2024-03-23 09:44:12,422 iteration:33000, val_loss:1.9156028451558202, val_acc:1830
INFO 2024-03-23 10:13:01,716 iteration:34000, val_loss:1.9132298663451337, val_acc:1837
INFO 2024-03-23 10:41:24,457 iteration:35000, val_loss:1.9035126563547877, val_acc:1850
INFO 2024-03-23 11:05:44,385 sss
INFO 2024-03-23 11:28:19,233 iteration:0, val_loss:1.9285252130053938, val_acc:1836
INFO 2024-03-23 11:57:00,604 iteration:1000, val_loss:1.916287496159831, val_acc:1855
INFO 2024-03-23 12:25:22,768 iteration:2000, val_loss:1.9164552669835277, val_acc:1845
INFO 2024-03-23 12:53:09,533 iteration:3000, val_loss:1.915420269264374, val_acc:1846
INFO 2024-03-23 13:21:32,986 iteration:4000, val_loss:1.9177295374171344, val_acc:1842
INFO 2024-03-23 13:49:31,695 iteration:5000, val_loss:1.9262196864461294, val_acc:1826
INFO 2024-03-23 14:17:14,875 iteration:6000, val_loss:1.9345354984420584, val_acc:1835
INFO 2024-03-23 14:44:34,056 iteration:7000, val_loss:1.9390144669661065, val_acc:1824
INFO 2024-03-23 15:12:24,005 iteration:8000, val_loss:1.9112466985858976, val_acc:1839
INFO 2024-03-23 15:40:16,441 iteration:9000, val_loss:1.9073526297493837, val_acc:1825
INFO 2024-03-23 16:07:27,354 iteration:10000, val_loss:1.8842151403557044, val_acc:1842
INFO 2024-03-23 16:36:37,882 iteration:11000, val_loss:1.9170564555592136, val_acc:1823
INFO 2024-03-23 17:04:06,578 iteration:12000, val_loss:1.8946336863376665, val_acc:1835
INFO 2024-03-23 17:32:02,607 iteration:13000, val_loss:1.9152975018762983, val_acc:1816
INFO 2024-04-11 00:15:35,785 sss
INFO 2024-04-11 00:20:18,816 sss
INFO 2024-04-11 00:27:22,367 sss
INFO 2024-04-11 00:55:39,599 iteration:0, val_loss:3.4360538841539476, val_acc:715
INFO 2024-04-11 01:19:48,060 iteration:1000, val_loss:2.029157885864159, val_acc:1703
INFO 2024-04-11 01:44:14,071 iteration:2000, val_loss:1.908423994342073, val_acc:1830
INFO 2024-04-11 02:07:52,777 iteration:3000, val_loss:1.8733264681123314, val_acc:1873
INFO 2024-04-11 02:31:48,760 iteration:4000, val_loss:1.824801183020007, val_acc:1959
INFO 2024-04-11 02:55:55,642 iteration:5000, val_loss:1.770199994935771, val_acc:1940
INFO 2024-04-11 03:19:08,485 iteration:6000, val_loss:1.741206694397375, val_acc:1960
INFO 2024-04-11 03:42:12,849 iteration:7000, val_loss:1.7138442255108883, val_acc:2003
INFO 2024-04-11 04:05:23,051 iteration:8000, val_loss:1.722330619918426, val_acc:2005
INFO 2024-04-11 04:28:04,318 iteration:9000, val_loss:1.71891814198126, val_acc:2054
INFO 2024-04-11 04:50:55,834 iteration:10000, val_loss:1.7115119350965389, val_acc:2083
INFO 2024-04-11 05:14:10,769 iteration:11000, val_loss:1.7217555505513216, val_acc:2051
INFO 2024-04-11 05:36:53,214 iteration:12000, val_loss:1.6739957298610058, val_acc:2073
INFO 2024-04-11 05:59:05,848 iteration:13000, val_loss:1.7021217865828187, val_acc:2147
INFO 2024-04-11 06:21:59,690 iteration:14000, val_loss:1.679991639231419, val_acc:2114
INFO 2024-04-11 06:44:22,790 iteration:15000, val_loss:1.663656130100805, val_acc:2112
INFO 2024-04-11 07:07:08,069 iteration:16000, val_loss:1.6814909129874487, val_acc:2149
INFO 2024-04-11 07:29:44,072 iteration:17000, val_loss:1.6409408251140107, val_acc:2133
INFO 2024-04-11 07:53:08,604 iteration:18000, val_loss:1.6730173526568488, val_acc:2119
INFO 2024-04-11 08:15:53,019 iteration:19000, val_loss:1.6777748684379923, val_acc:2117
INFO 2024-04-11 08:39:01,445 iteration:20000, val_loss:1.6777248031582073, val_acc:2082
INFO 2024-04-11 09:02:51,235 iteration:21000, val_loss:1.665146582304843, val_acc:2144
INFO 2024-04-11 09:26:12,275 iteration:22000, val_loss:1.6515043313594038, val_acc:2178
INFO 2024-04-11 09:49:07,227 iteration:23000, val_loss:1.668355731822651, val_acc:2144
INFO 2024-04-11 10:11:58,164 iteration:24000, val_loss:1.6330603064094389, val_acc:2126
INFO 2024-04-11 10:35:41,126 iteration:25000, val_loss:1.6156595309396924, val_acc:2183
INFO 2024-04-11 10:59:06,442 iteration:26000, val_loss:1.6327788976617226, val_acc:2155
INFO 2024-04-11 11:22:35,997 iteration:27000, val_loss:1.6426930831345588, val_acc:2185  
INFO 2024-04-11 11:45:57,240 iteration:28000, val_loss:1.6470705640870569, val_acc:2152
INFO 2024-04-11 12:08:12,584 iteration:29000, val_loss:1.651977008703504, val_acc:2174
INFO 2024-04-11 12:30:45,361 iteration:30000, val_loss:1.628684538562048, val_acc:2163
INFO 2024-04-11 12:53:29,452 iteration:31000, val_loss:1.6066439687137326, val_acc:2182
INFO 2024-04-11 13:15:43,214 iteration:32000, val_loss:1.6058308473822045, val_acc:2174
INFO 2024-04-11 13:36:02,153 sss
INFO 2024-04-11 14:39:36,843 sss
INFO 2024-04-11 17:53:05,730 sss
INFO 2024-04-11 18:03:56,686 sss
INFO 2024-04-17 16:38:34,876 sss
INFO 2024-04-17 17:24:50,624 sss
INFO 2024-04-17 17:55:31,940 iteration:0, val_loss:3.2297152846108648, val_acc:329
INFO 2024-04-17 18:30:13,241 iteration:1000, val_loss:1.7080311781772493, val_acc:837
INFO 2024-04-17 18:58:38,296 iteration:2000, val_loss:1.6656074804109509, val_acc:878
INFO 2024-04-17 19:36:49,148 iteration:3000, val_loss:1.5846810147064012, val_acc:860
INFO 2024-04-17 20:05:51,531 iteration:4000, val_loss:1.5745247939895326, val_acc:900
INFO 2024-04-17 20:36:28,769 iteration:5000, val_loss:1.5393921356532412, val_acc:924
INFO 2024-04-17 21:07:53,944 iteration:6000, val_loss:1.5496570466866046, val_acc:923
INFO 2024-04-17 21:25:43,644 iteration:7000, val_loss:1.538795827710029, val_acc:955
INFO 2024-04-17 21:43:51,616 iteration:8000, val_loss:1.54119346748211, val_acc:922
INFO 2024-04-17 22:01:33,025 iteration:9000, val_loss:1.502214014467057, val_acc:951
INFO 2024-04-17 22:19:45,639 iteration:10000, val_loss:1.4996138666366627, val_acc:969
INFO 2024-04-17 22:37:58,506 iteration:11000, val_loss:1.515784388889297, val_acc:964
INFO 2024-04-17 22:55:51,921 iteration:12000, val_loss:1.5322460450861703, val_acc:970
INFO 2024-04-17 23:13:47,287 iteration:13000, val_loss:1.5621574500668156, val_acc:962
INFO 2024-04-17 23:31:50,382 iteration:14000, val_loss:1.5780776369271596, val_acc:968
INFO 2024-04-17 23:49:26,276 iteration:15000, val_loss:1.5635455745226092, val_acc:973
INFO 2024-04-18 00:07:11,251 iteration:16000, val_loss:1.5628856467907926, val_acc:990
INFO 2024-04-18 00:24:59,841 iteration:17000, val_loss:1.5423440220497102, val_acc:995
INFO 2024-04-18 00:43:07,112 iteration:18000, val_loss:1.5699009455630282, val_acc:981
INFO 2024-04-18 01:00:58,983 iteration:19000, val_loss:1.5935458610409037, val_acc:966
INFO 2024-04-18 01:18:20,961 iteration:20000, val_loss:1.6193228696212558, val_acc:974
INFO 2024-04-18 01:36:55,834 iteration:21000, val_loss:1.4932746521883524, val_acc:994
INFO 2024-04-18 01:55:41,824 iteration:22000, val_loss:1.4705260947500047, val_acc:1001
INFO 2024-04-18 02:13:16,687 iteration:23000, val_loss:1.5690061608252337, val_acc:979
INFO 2024-04-18 02:31:11,741 iteration:24000, val_loss:1.5614273510060448, val_acc:972
INFO 2024-04-18 02:48:40,189 iteration:25000, val_loss:1.5365237546475037, val_acc:992
INFO 2024-04-18 03:06:13,339 iteration:26000, val_loss:1.5600823026183777, val_acc:990
INFO 2024-04-18 10:39:13,516 sss
INFO 2024-04-18 11:05:05,672 iteration:0, val_loss:1.4657279359370514, val_acc:1001
INFO 2024-04-19 00:46:04,452 sss
INFO 2024-04-19 00:59:42,772 iteration:0, val_loss:1.4709092083470268, val_acc:1001
INFO 2024-04-19 01:17:59,678 iteration:1000, val_loss:1.6246147020609976, val_acc:977
INFO 2024-04-19 01:36:17,928 iteration:2000, val_loss:1.5418435675162696, val_acc:997
INFO 2024-04-19 01:54:27,343 iteration:3000, val_loss:1.5558078674754416, val_acc:976
INFO 2024-04-19 02:12:46,229 iteration:4000, val_loss:1.570713753853788, val_acc:1009
INFO 2024-04-19 02:33:04,639 iteration:5000, val_loss:1.5682962740734328, val_acc:1001
INFO 2024-04-19 02:52:53,682 iteration:6000, val_loss:1.5763788723124226, val_acc:1013
INFO 2024-04-19 03:11:53,167 iteration:7000, val_loss:1.574406552872347, val_acc:1010
INFO 2024-04-19 03:29:39,171 iteration:8000, val_loss:1.6158178873216897, val_acc:1005
INFO 2024-04-19 03:49:01,965 iteration:9000, val_loss:1.5996111759468614, val_acc:1008
INFO 2024-04-19 04:09:42,319 iteration:10000, val_loss:1.5280783992806934, val_acc:985
INFO 2024-04-19 04:29:17,244 iteration:11000, val_loss:1.5460947321772192, val_acc:1018
INFO 2024-04-19 04:48:41,157 iteration:12000, val_loss:1.5956626046210778, val_acc:1049
INFO 2024-04-19 05:07:57,355 iteration:13000, val_loss:1.578063351127235, val_acc:1044
INFO 2024-04-19 05:27:55,356 iteration:14000, val_loss:1.5227195561265103, val_acc:1040
INFO 2024-04-19 05:46:37,351 iteration:15000, val_loss:1.5071231948177326, val_acc:1050
INFO 2024-04-19 06:04:41,372 iteration:16000, val_loss:1.5667374075486116, val_acc:1027
INFO 2024-04-19 06:22:58,192 iteration:17000, val_loss:1.5309520625269049, val_acc:1038
INFO 2024-04-19 06:41:28,894 iteration:18000, val_loss:1.5505514097152255, val_acc:1051
INFO 2024-04-19 07:00:13,425 iteration:19000, val_loss:1.5571456159996437, val_acc:1031
INFO 2024-04-19 07:18:21,401 iteration:20000, val_loss:1.5877372777752081, val_acc:1033
INFO 2024-04-19 07:36:18,695 iteration:21000, val_loss:1.5709838614933205, val_acc:1047
INFO 2024-04-19 07:54:23,122 iteration:22000, val_loss:1.5639048475588129, val_acc:1035
INFO 2024-04-19 10:15:01,282 sss
INFO 2024-04-19 10:32:13,375 iteration:0, val_loss:1.5611206676386278, val_acc:1051
INFO 2024-04-19 10:55:00,787 iteration:1000, val_loss:1.5554698600116958, val_acc:1014
INFO 2024-04-19 11:18:06,802 iteration:2000, val_loss:1.5260187063018855, val_acc:1032
INFO 2024-04-19 11:41:23,739 iteration:3000, val_loss:1.5390335551763386, val_acc:1055
INFO 2024-04-19 12:04:24,497 iteration:4000, val_loss:1.550516517434464, val_acc:1038
INFO 2024-04-19 12:26:58,273 iteration:5000, val_loss:1.5485245969532746, val_acc:1015
INFO 2024-04-19 12:50:14,492 iteration:6000, val_loss:1.569003113968369, val_acc:1031
INFO 2024-04-19 13:22:09,387 iteration:7000, val_loss:1.5274666174454743, val_acc:1048
INFO 2024-04-19 13:44:50,820 iteration:8000, val_loss:1.5903490503338809, val_acc:1028
INFO 2024-04-19 14:07:26,050 iteration:9000, val_loss:1.5752039844117676, val_acc:1040
INFO 2024-04-19 14:29:40,123 iteration:10000, val_loss:1.5895448800069867, val_acc:1044
INFO 2024-04-19 14:52:02,397 iteration:11000, val_loss:1.5537599404977873, val_acc:1054
INFO 2024-04-19 15:14:36,976 iteration:12000, val_loss:1.5962823925068377, val_acc:1028
INFO 2024-04-19 15:36:55,666 iteration:13000, val_loss:1.5091810411069293, val_acc:1046
INFO 2024-04-19 15:58:55,906 iteration:14000, val_loss:1.6288314891185145, val_acc:1048
INFO 2024-04-19 16:21:31,380 iteration:15000, val_loss:1.5488789812563533, val_acc:1033
INFO 2024-04-19 16:43:35,436 iteration:16000, val_loss:1.6503236549881433, val_acc:1020
INFO 2024-04-19 17:05:44,368 iteration:17000, val_loss:1.5956796715777695, val_acc:1029
INFO 2024-04-19 17:28:27,369 iteration:18000, val_loss:1.5863545583118637, val_acc:1047
INFO 2024-04-19 17:50:46,360 iteration:19000, val_loss:1.5367928432211415, val_acc:1044
INFO 2024-04-19 18:12:27,058 iteration:20000, val_loss:1.57747705843039, val_acc:1029
INFO 2024-04-19 18:34:53,000 iteration:21000, val_loss:1.6673528604951018, val_acc:1026
INFO 2024-04-19 18:56:50,130 iteration:22000, val_loss:1.535568530575216, val_acc:1030
INFO 2024-04-19 19:18:23,701 iteration:23000, val_loss:1.6968681076651846, val_acc:1003
INFO 2024-04-19 19:40:30,089 iteration:24000, val_loss:1.6765810842596838, val_acc:1006
INFO 2024-04-19 20:03:34,272 iteration:25000, val_loss:1.6274407041836303, val_acc:1057  STVQA-NONE
INFO 2024-04-19 20:25:52,966 iteration:26000, val_loss:1.6185529440317208, val_acc:1048
INFO 2024-04-19 20:47:33,077 sss
INFO 2024-04-19 21:05:12,264 iteration:0, val_loss:1.6221704154494445, val_acc:1057
INFO 2024-04-19 21:27:54,289 iteration:1000, val_loss:1.758680521270529, val_acc:1018
INFO 2024-04-19 21:51:02,130 iteration:2000, val_loss:1.5603907363484242, val_acc:1030
INFO 2024-04-19 22:13:44,335 iteration:3000, val_loss:1.6760224016523206, val_acc:1026
INFO 2024-04-19 22:36:04,942 iteration:4000, val_loss:1.6569662653706678, val_acc:1002
INFO 2024-04-19 22:58:50,470 iteration:5000, val_loss:1.6080740817484334, val_acc:1013
