INFO 2024-04-21 19:05:41,165 sss
INFO 2024-04-21 19:05:42,247 loading archive file https://s3.amazonaws.com/models.huggingface.co/bert/bert-base-uncased.tar.gz from cache at /home/yanruxue/.pytorch_pretrained_bert/9c41111e2de84547a463fd39217199738d1e3deb72d4fec4399e6e241983c6f0.ae3cef932725ca7a30cdcb93fc6e09150a55e2a130ec7af63975a16c153ae2ba
INFO 2024-04-21 19:05:42,248 extracting archive file /home/yanruxue/.pytorch_pretrained_bert/9c41111e2de84547a463fd39217199738d1e3deb72d4fec4399e6e241983c6f0.ae3cef932725ca7a30cdcb93fc6e09150a55e2a130ec7af63975a16c153ae2ba to temp dir /tmp/tmp73n2yea9
INFO 2024-04-21 19:05:44,747 Model config {
  "attention_probs_dropout_prob": 0.1,
  "hidden_act": "gelu",
  "hidden_dropout_prob": 0.1,
  "hidden_size": 768,
  "initializer_range": 0.02,
  "intermediate_size": 3072,
  "max_position_embeddings": 512,
  "num_attention_heads": 12,
  "num_hidden_layers": 12,
  "type_vocab_size": 2,
  "vocab_size": 30522
}

INFO 2024-04-21 19:05:52,227 The num of learnable parameters: backbone(23232512), vis_enc(8414976), bert(108891648), freeze(728451, rest(789504)
INFO 2024-04-21 19:05:52,227 Check the whole parameters: 142057091 = 142057091
INFO 2024-04-21 19:08:07,138 loading vocabulary file https://s3.amazonaws.com/models.huggingface.co/bert/bert-base-uncased-vocab.txt from cache at /home/yanruxue/.pytorch_pretrained_bert/26bc1ad6c0ac742e9b52263248f6d0f00068293b33709fae12320c0e35ccfbbb.542ce4285a40d23a559526243235df47c5f75c197f04f37d1a0c124c32c9a084
INFO 2024-04-21 19:08:08,450 loading vocabulary file https://s3.amazonaws.com/models.huggingface.co/bert/bert-base-uncased-vocab.txt from cache at /home/yanruxue/.pytorch_pretrained_bert/26bc1ad6c0ac742e9b52263248f6d0f00068293b33709fae12320c0e35ccfbbb.542ce4285a40d23a559526243235df47c5f75c197f04f37d1a0c124c32c9a084
INFO 2024-04-21 19:08:08,478 The size of dataset: train(10492), test(2628)
INFO 2024-04-21 19:08:08,478 Start training
INFO 2024-04-21 19:14:16,873 iter:0, loss:3.3585703372955322, total_2:1951, cnt_2:684, acc:360
INFO 2024-04-21 19:23:51,434 iter:1000, loss:1.8076322078704834, total_2:1951, cnt_2:684, acc:846
INFO 2024-04-21 19:33:28,434 iter:2000, loss:1.696960687637329, total_2:1951, cnt_2:684, acc:872
INFO 2024-04-21 19:43:08,548 iter:3000, loss:1.6447620391845703, total_2:1951, cnt_2:684, acc:886
INFO 2024-04-21 19:53:01,329 iter:4000, loss:1.6088929176330566, total_2:1951, cnt_2:684, acc:891
INFO 2024-04-21 20:03:07,105 iter:5000, loss:1.6108478307724, total_2:1951, cnt_2:684, acc:922
INFO 2024-04-21 20:04:22,475 train_epoch:0, total_1:0, cnt_1:0, total_2:8858, cnt_2:1752
INFO 2024-04-21 20:09:50,598 iter:0, loss:1.609669804573059, total_2:1951, cnt_2:684, acc:915
INFO 2024-04-21 20:19:30,823 iter:1000, loss:1.7212107181549072, total_2:1951, cnt_2:684, acc:926
INFO 2024-04-21 20:29:14,090 iter:2000, loss:1.655026912689209, total_2:1951, cnt_2:684, acc:940
INFO 2024-04-21 20:39:04,727 iter:3000, loss:1.6511507034301758, total_2:1951, cnt_2:684, acc:953
INFO 2024-04-21 20:49:04,818 iter:4000, loss:1.7116968631744385, total_2:1951, cnt_2:684, acc:934
INFO 2024-04-21 20:59:03,334 iter:5000, loss:1.7081482410430908, total_2:1951, cnt_2:684, acc:952
INFO 2024-04-21 21:00:17,764 train_epoch:1, total_1:0, cnt_1:0, total_2:8861, cnt_2:1752
INFO 2024-04-21 21:05:57,224 iter:0, loss:1.6991547346115112, total_2:1951, cnt_2:684, acc:939
INFO 2024-04-21 21:15:50,686 iter:1000, loss:1.6980183124542236, total_2:1951, cnt_2:684, acc:944
INFO 2024-04-21 21:25:33,740 iter:2000, loss:1.9098213911056519, total_2:1951, cnt_2:684, acc:927
INFO 2024-04-21 21:35:28,877 iter:3000, loss:1.7544361352920532, total_2:1951, cnt_2:684, acc:951
INFO 2024-04-21 21:46:54,389 iter:4000, loss:1.899979591369629, total_2:1951, cnt_2:684, acc:941
INFO 2024-04-21 21:56:46,921 iter:5000, loss:1.7220498323440552, total_2:1951, cnt_2:684, acc:948
INFO 2024-04-21 21:57:59,992 train_epoch:2, total_1:0, cnt_1:0, total_2:8858, cnt_2:1755
INFO 2024-04-21 22:03:57,432 iter:0, loss:1.7625775337219238, total_2:1951, cnt_2:684, acc:972
INFO 2024-04-21 22:15:40,815 iter:1000, loss:1.8647606372833252, total_2:1951, cnt_2:684, acc:935
INFO 2024-04-21 22:27:09,570 iter:2000, loss:1.9942612648010254, total_2:1951, cnt_2:684, acc:941
INFO 2024-04-21 22:38:56,130 iter:3000, loss:1.7667101621627808, total_2:1951, cnt_2:684, acc:981
INFO 2024-04-21 22:50:39,094 iter:4000, loss:1.8387947082519531, total_2:1951, cnt_2:684, acc:934
INFO 2024-04-21 23:02:05,544 iter:5000, loss:1.7451497316360474, total_2:1951, cnt_2:684, acc:955
INFO 2024-04-21 23:03:38,940 train_epoch:3, total_1:0, cnt_1:0, total_2:8859, cnt_2:1756
INFO 2024-04-21 23:09:33,724 iter:0, loss:1.8612703084945679, total_2:1951, cnt_2:684, acc:948
INFO 2024-04-21 23:21:13,548 iter:1000, loss:1.9538229703903198, total_2:1951, cnt_2:684, acc:951
INFO 2024-04-21 23:32:33,158 iter:2000, loss:1.9221041202545166, total_2:1951, cnt_2:684, acc:955
INFO 2024-04-21 23:44:10,267 iter:3000, loss:1.9125936031341553, total_2:1951, cnt_2:684, acc:928
INFO 2024-04-21 23:55:40,301 iter:4000, loss:1.8913581371307373, total_2:1951, cnt_2:684, acc:932
INFO 2024-04-22 00:06:52,755 iter:5000, loss:1.9478535652160645, total_2:1951, cnt_2:684, acc:956
INFO 2024-04-22 00:08:31,971 train_epoch:4, total_1:0, cnt_1:0, total_2:8858, cnt_2:1755
INFO 2024-04-22 00:14:31,075 iter:0, loss:1.9759738445281982, total_2:1951, cnt_2:684, acc:959
INFO 2024-04-22 00:25:59,982 iter:1000, loss:1.8697116374969482, total_2:1951, cnt_2:684, acc:958
INFO 2024-04-22 00:37:04,012 iter:2000, loss:1.9520833492279053, total_2:1951, cnt_2:684, acc:957
INFO 2024-04-22 00:48:43,493 iter:3000, loss:1.873788595199585, total_2:1951, cnt_2:684, acc:990
INFO 2024-04-22 01:00:19,263 iter:4000, loss:1.9662989377975464, total_2:1951, cnt_2:684, acc:959
INFO 2024-04-22 01:11:56,970 iter:5000, loss:1.8428497314453125, total_2:1951, cnt_2:684, acc:982
INFO 2024-04-22 01:13:31,606 train_epoch:5, total_1:0, cnt_1:0, total_2:8859, cnt_2:1755
INFO 2024-04-22 01:19:33,840 iter:0, loss:1.8926560878753662, total_2:1951, cnt_2:684, acc:976
INFO 2024-04-22 01:30:55,703 iter:1000, loss:1.792323350906372, total_2:1951, cnt_2:684, acc:964
INFO 2024-04-22 01:42:29,950 iter:2000, loss:1.9515727758407593, total_2:1951, cnt_2:684, acc:981
INFO 2024-04-22 01:53:59,800 iter:3000, loss:1.9658045768737793, total_2:1951, cnt_2:684, acc:955
INFO 2024-04-22 02:05:18,229 iter:4000, loss:1.9634422063827515, total_2:1951, cnt_2:684, acc:944
INFO 2024-04-22 02:16:50,030 iter:5000, loss:2.004997730255127, total_2:1951, cnt_2:684, acc:956
INFO 2024-04-22 02:18:19,617 train_epoch:6, total_1:0, cnt_1:0, total_2:8858, cnt_2:1755
INFO 2024-04-22 02:24:16,440 iter:0, loss:1.90516996383667, total_2:1951, cnt_2:684, acc:970
INFO 2024-04-22 02:35:13,905 iter:1000, loss:1.861242651939392, total_2:1951, cnt_2:684, acc:971
INFO 2024-04-22 02:46:42,932 iter:2000, loss:1.958240270614624, total_2:1951, cnt_2:684, acc:960
INFO 2024-04-22 02:58:08,344 iter:3000, loss:1.9479715824127197, total_2:1951, cnt_2:684, acc:971
INFO 2024-04-22 03:09:37,648 iter:4000, loss:1.8881661891937256, total_2:1951, cnt_2:684, acc:972
INFO 2024-04-22 03:21:12,986 iter:5000, loss:1.8696575164794922, total_2:1951, cnt_2:684, acc:981
INFO 2024-04-22 03:22:46,221 train_epoch:7, total_1:0, cnt_1:0, total_2:8856, cnt_2:1751
INFO 2024-04-22 03:28:47,027 iter:0, loss:1.9448964595794678, total_2:1951, cnt_2:684, acc:984
INFO 2024-04-22 03:40:12,076 iter:1000, loss:1.930932879447937, total_2:1951, cnt_2:684, acc:992   
INFO 2024-04-22 03:51:40,469 iter:2000, loss:1.9362603425979614, total_2:1951, cnt_2:684, acc:981
INFO 2024-04-22 04:02:44,940 iter:3000, loss:1.9332154989242554, total_2:1951, cnt_2:684, acc:967
INFO 2024-04-22 04:14:12,128 iter:4000, loss:2.020996332168579, total_2:1951, cnt_2:684, acc:962
INFO 2024-04-22 04:25:30,029 iter:5000, loss:1.8819717168807983, total_2:1951, cnt_2:684, acc:954
INFO 2024-04-22 04:27:04,037 train_epoch:8, total_1:0, cnt_1:0, total_2:8858, cnt_2:1752
INFO 2024-04-22 04:31:48,336 iter:0, loss:1.8892180919647217, total_2:1951, cnt_2:684, acc:957
INFO 2024-04-22 04:43:15,904 iter:1000, loss:2.011838912963867, total_2:1951, cnt_2:684, acc:951
INFO 2024-04-22 04:54:38,988 iter:2000, loss:1.9271419048309326, total_2:1951, cnt_2:684, acc:956
INFO 2024-04-22 05:06:12,692 iter:3000, loss:1.9117192029953003, total_2:1951, cnt_2:684, acc:958
INFO 2024-04-22 05:17:45,753 iter:4000, loss:2.104633092880249, total_2:1951, cnt_2:684, acc:943
INFO 2024-04-22 05:28:18,916 iter:5000, loss:1.82081139087677, total_2:1951, cnt_2:684, acc:968
INFO 2024-04-22 05:29:49,736 train_epoch:9, total_1:0, cnt_1:0, total_2:8859, cnt_2:1756
INFO 2024-04-22 05:35:44,807 iter:0, loss:1.9072551727294922, total_2:1951, cnt_2:684, acc:964
INFO 2024-04-22 05:47:16,420 iter:1000, loss:2.1339690685272217, total_2:1951, cnt_2:684, acc:956
INFO 2024-04-22 05:58:27,412 iter:2000, loss:2.0248260498046875, total_2:1951, cnt_2:684, acc:973
INFO 2024-04-22 06:09:50,244 iter:3000, loss:2.1128621101379395, total_2:1951, cnt_2:684, acc:968
INFO 2024-04-22 06:21:09,742 iter:4000, loss:2.00111985206604, total_2:1951, cnt_2:684, acc:960
INFO 2024-04-22 06:32:37,633 iter:5000, loss:1.9619390964508057, total_2:1951, cnt_2:684, acc:964
INFO 2024-04-22 06:34:11,695 train_epoch:10, total_1:0, cnt_1:0, total_2:8858, cnt_2:1754
INFO 2024-04-22 06:40:05,239 iter:0, loss:2.003329038619995, total_2:1951, cnt_2:684, acc:954
INFO 2024-04-22 06:51:27,748 iter:1000, loss:1.8894610404968262, total_2:1951, cnt_2:684, acc:993   this
INFO 2024-04-22 07:02:51,033 iter:2000, loss:1.9254686832427979, total_2:1951, cnt_2:684, acc:960
INFO 2024-04-22 07:14:14,543 iter:3000, loss:2.0751700401306152, total_2:1951, cnt_2:684, acc:967
INFO 2024-04-22 07:25:25,823 iter:4000, loss:2.070808172225952, total_2:1951, cnt_2:684, acc:976
INFO 2024-04-22 07:36:53,654 iter:5000, loss:2.0634069442749023, total_2:1951, cnt_2:684, acc:965
INFO 2024-04-22 07:38:27,106 train_epoch:11, total_1:0, cnt_1:0, total_2:8858, cnt_2:1754
INFO 2024-04-22 07:44:25,294 iter:0, loss:2.000173330307007, total_2:1951, cnt_2:684, acc:981
INFO 2024-04-22 07:55:23,536 iter:1000, loss:2.0554614067077637, total_2:1951, cnt_2:684, acc:970
INFO 2024-04-22 08:06:56,153 iter:2000, loss:2.0074377059936523, total_2:1951, cnt_2:684, acc:964
INFO 2024-04-22 08:18:20,605 iter:3000, loss:2.0873000621795654, total_2:1951, cnt_2:684, acc:970
INFO 2024-04-22 08:29:37,201 iter:4000, loss:2.197808027267456, total_2:1951, cnt_2:684, acc:965
INFO 2024-04-22 08:41:01,763 iter:5000, loss:2.004240036010742, total_2:1951, cnt_2:684, acc:951
INFO 2024-04-22 08:42:35,396 train_epoch:12, total_1:0, cnt_1:0, total_2:8860, cnt_2:1752
INFO 2024-04-22 08:48:22,103 iter:0, loss:1.9990538358688354, total_2:1951, cnt_2:684, acc:954
INFO 2024-04-22 08:59:40,382 iter:1000, loss:2.156338930130005, total_2:1951, cnt_2:684, acc:968
INFO 2024-04-22 09:11:03,556 iter:2000, loss:2.026442766189575, total_2:1951, cnt_2:684, acc:975
INFO 2024-04-22 09:22:16,545 iter:3000, loss:2.077924966812134, total_2:1951, cnt_2:684, acc:970
INFO 2024-04-22 09:33:34,023 iter:4000, loss:2.082019329071045, total_2:1951, cnt_2:684, acc:966
INFO 2024-04-22 09:44:56,381 iter:5000, loss:2.2087924480438232, total_2:1951, cnt_2:684, acc:961
INFO 2024-04-22 09:46:21,307 train_epoch:13, total_1:0, cnt_1:0, total_2:8860, cnt_2:1756
INFO 2024-04-22 09:52:12,415 iter:0, loss:2.1668238639831543, total_2:1951, cnt_2:684, acc:968
INFO 2024-04-22 10:03:35,063 iter:1000, loss:2.212595224380493, total_2:1951, cnt_2:684, acc:978
INFO 2024-04-22 10:14:50,951 iter:2000, loss:2.3440334796905518, total_2:1951, cnt_2:684, acc:965
INFO 2024-04-22 10:26:09,104 iter:3000, loss:2.2025961875915527, total_2:1951, cnt_2:684, acc:975
INFO 2024-04-22 10:37:31,533 iter:4000, loss:2.3650028705596924, total_2:1951, cnt_2:684, acc:937
INFO 2024-04-22 11:02:54,290 sss
INFO 2024-04-22 11:02:55,587 loading archive file https://s3.amazonaws.com/models.huggingface.co/bert/bert-base-uncased.tar.gz from cache at /home/yanruxue/.pytorch_pretrained_bert/9c41111e2de84547a463fd39217199738d1e3deb72d4fec4399e6e241983c6f0.ae3cef932725ca7a30cdcb93fc6e09150a55e2a130ec7af63975a16c153ae2ba
INFO 2024-04-22 11:02:55,588 extracting archive file /home/yanruxue/.pytorch_pretrained_bert/9c41111e2de84547a463fd39217199738d1e3deb72d4fec4399e6e241983c6f0.ae3cef932725ca7a30cdcb93fc6e09150a55e2a130ec7af63975a16c153ae2ba to temp dir /tmp/tmphc3ppm5n
INFO 2024-04-22 11:02:58,441 Model config {
  "attention_probs_dropout_prob": 0.1,
  "hidden_act": "gelu",
  "hidden_dropout_prob": 0.1,
  "hidden_size": 768,
  "initializer_range": 0.02,
  "intermediate_size": 3072,
  "max_position_embeddings": 512,
  "num_attention_heads": 12,
  "num_hidden_layers": 12,
  "type_vocab_size": 2,
  "vocab_size": 30522
}

INFO 2024-04-22 11:03:13,318 The num of learnable parameters: backbone(23232512), vis_enc(8414976), bert(108891648), freeze(728451, rest(789504)
INFO 2024-04-22 11:03:13,319 Check the whole parameters: 142057091 = 142057091
INFO 2024-04-22 11:05:27,884 loading vocabulary file https://s3.amazonaws.com/models.huggingface.co/bert/bert-base-uncased-vocab.txt from cache at /home/yanruxue/.pytorch_pretrained_bert/26bc1ad6c0ac742e9b52263248f6d0f00068293b33709fae12320c0e35ccfbbb.542ce4285a40d23a559526243235df47c5f75c197f04f37d1a0c124c32c9a084
INFO 2024-04-22 11:05:29,161 loading vocabulary file https://s3.amazonaws.com/models.huggingface.co/bert/bert-base-uncased-vocab.txt from cache at /home/yanruxue/.pytorch_pretrained_bert/26bc1ad6c0ac742e9b52263248f6d0f00068293b33709fae12320c0e35ccfbbb.542ce4285a40d23a559526243235df47c5f75c197f04f37d1a0c124c32c9a084
INFO 2024-04-22 11:05:29,198 The size of dataset: train(10492), test(2628)
INFO 2024-04-22 11:05:29,198 Start training
INFO 2024-04-22 11:16:20,598 iter:1000, loss:1.8509587049484253, total_2:846, cnt_2:350, acc:831
INFO 2024-04-22 11:27:15,154 iter:2000, loss:1.6932833194732666, total_2:846, cnt_2:350, acc:869
INFO 2024-04-22 11:38:09,518 iter:3000, loss:1.6310418844223022, total_2:846, cnt_2:350, acc:884
INFO 2024-04-22 11:48:48,629 iter:4000, loss:1.5822780132293701, total_2:846, cnt_2:350, acc:883
INFO 2024-04-22 11:59:46,872 iter:5000, loss:1.6101278066635132, total_2:846, cnt_2:350, acc:912
INFO 2024-04-22 12:01:08,991 train_epoch:0, total_1:0, cnt_1:0, total_2:4753, cnt_2:1287
INFO 2024-04-22 12:12:24,660 iter:1000, loss:1.6763721704483032, total_2:846, cnt_2:350, acc:911
INFO 2024-04-22 12:22:23,928 iter:2000, loss:1.681195616722107, total_2:846, cnt_2:350, acc:924
INFO 2024-04-22 12:33:26,752 iter:3000, loss:1.7528889179229736, total_2:846, cnt_2:350, acc:936
INFO 2024-04-22 12:44:25,947 iter:4000, loss:1.7762266397476196, total_2:846, cnt_2:350, acc:911
INFO 2024-04-22 12:55:17,499 iter:5000, loss:1.7654355764389038, total_2:846, cnt_2:350, acc:932
INFO 2024-04-22 12:56:43,475 train_epoch:1, total_1:0, cnt_1:0, total_2:4779, cnt_2:1288
INFO 2024-04-22 13:08:43,605 iter:1000, loss:1.751924991607666, total_2:846, cnt_2:350, acc:938
INFO 2024-04-22 13:19:34,966 iter:2000, loss:1.8813652992248535, total_2:846, cnt_2:350, acc:930
INFO 2024-04-22 13:30:33,597 iter:3000, loss:1.8208554983139038, total_2:846, cnt_2:350, acc:940
INFO 2024-04-22 13:41:36,826 iter:4000, loss:1.9899370670318604, total_2:846, cnt_2:350, acc:922
INFO 2024-04-22 13:52:32,105 iter:5000, loss:1.7904138565063477, total_2:846, cnt_2:350, acc:934
INFO 2024-04-22 13:54:00,056 train_epoch:2, total_1:0, cnt_1:0, total_2:4751, cnt_2:1287
INFO 2024-04-22 14:05:53,711 iter:1000, loss:1.8748635053634644, total_2:846, cnt_2:350, acc:959
INFO 2024-04-22 14:16:48,753 iter:2000, loss:1.8511335849761963, total_2:846, cnt_2:350, acc:969
INFO 2024-04-22 14:27:47,935 iter:3000, loss:1.7778599262237549, total_2:846, cnt_2:350, acc:958
INFO 2024-04-22 14:39:06,453 iter:4000, loss:1.867079496383667, total_2:846, cnt_2:350, acc:956
INFO 2024-04-22 14:50:03,376 iter:5000, loss:1.7546236515045166, total_2:846, cnt_2:350, acc:976
INFO 2024-04-22 14:51:31,188 train_epoch:3, total_1:0, cnt_1:0, total_2:4738, cnt_2:1270
INFO 2024-04-22 15:03:45,066 iter:1000, loss:1.8771365880966187, total_2:846, cnt_2:350, acc:989
INFO 2024-04-22 15:15:05,443 iter:2000, loss:1.9437061548233032, total_2:846, cnt_2:350, acc:944
INFO 2024-04-22 15:26:02,847 iter:3000, loss:1.8164582252502441, total_2:846, cnt_2:350, acc:945
INFO 2024-04-22 15:37:02,104 iter:4000, loss:1.895911693572998, total_2:846, cnt_2:350, acc:941
INFO 2024-04-22 15:48:06,879 iter:5000, loss:1.8549610376358032, total_2:846, cnt_2:350, acc:943
INFO 2024-04-22 15:49:39,200 train_epoch:4, total_1:0, cnt_1:0, total_2:4767, cnt_2:1293
INFO 2024-04-22 16:02:11,187 iter:1000, loss:1.917944312095642, total_2:846, cnt_2:350, acc:946
INFO 2024-04-22 16:13:42,939 iter:2000, loss:1.9986249208450317, total_2:846, cnt_2:350, acc:970
INFO 2024-04-22 16:25:09,786 iter:3000, loss:1.9394824504852295, total_2:846, cnt_2:350, acc:985
INFO 2024-04-22 16:36:50,750 iter:4000, loss:2.0578694343566895, total_2:846, cnt_2:350, acc:957
INFO 2024-04-22 16:48:47,284 iter:5000, loss:1.9292923212051392, total_2:846, cnt_2:350, acc:962
INFO 2024-04-22 16:50:15,256 train_epoch:5, total_1:0, cnt_1:0, total_2:4731, cnt_2:1286
INFO 2024-04-22 17:02:59,093 iter:1000, loss:1.9761101007461548, total_2:846, cnt_2:350, acc:960
INFO 2024-04-22 17:14:57,237 iter:2000, loss:1.7532261610031128, total_2:846, cnt_2:350, acc:989
INFO 2024-04-22 17:26:45,839 iter:3000, loss:1.8437920808792114, total_2:846, cnt_2:350, acc:1000
INFO 2024-04-22 17:38:30,415 iter:4000, loss:1.9757360219955444, total_2:846, cnt_2:350, acc:997
INFO 2024-04-22 17:50:21,909 iter:5000, loss:1.9315001964569092, total_2:846, cnt_2:350, acc:996
INFO 2024-04-22 17:52:01,727 train_epoch:6, total_1:0, cnt_1:0, total_2:4751, cnt_2:1275
INFO 2024-04-22 18:04:30,685 iter:1000, loss:1.8938654661178589, total_2:846, cnt_2:350, acc:988
INFO 2024-04-22 18:16:17,752 iter:2000, loss:1.9445390701293945, total_2:846, cnt_2:350, acc:1004
INFO 2024-04-22 18:28:08,998 iter:3000, loss:1.8276987075805664, total_2:846, cnt_2:350, acc:990
INFO 2024-04-22 18:39:37,167 iter:4000, loss:2.066258192062378, total_2:846, cnt_2:350, acc:979
INFO 2024-04-22 18:50:31,003 iter:5000, loss:1.9150042533874512, total_2:846, cnt_2:350, acc:980
INFO 2024-04-22 18:52:01,333 train_epoch:7, total_1:0, cnt_1:0, total_2:4740, cnt_2:1271
INFO 2024-04-22 19:03:46,802 iter:1000, loss:1.879271149635315, total_2:846, cnt_2:350, acc:983
INFO 2024-04-22 19:15:01,714 iter:2000, loss:2.0058975219726562, total_2:846, cnt_2:350, acc:998
INFO 2024-04-22 19:26:16,979 iter:3000, loss:1.9513673782348633, total_2:846, cnt_2:350, acc:971
INFO 2024-04-22 19:37:36,857 iter:4000, loss:1.9246348142623901, total_2:846, cnt_2:350, acc:993
INFO 2024-04-22 19:48:51,119 iter:5000, loss:1.9957748651504517, total_2:846, cnt_2:350, acc:978
INFO 2024-04-22 19:50:16,465 train_epoch:8, total_1:0, cnt_1:0, total_2:4767, cnt_2:1279
INFO 2024-04-22 20:02:20,102 iter:1000, loss:2.037384271621704, total_2:846, cnt_2:350, acc:978
INFO 2024-04-22 20:13:41,353 iter:2000, loss:2.0428764820098877, total_2:846, cnt_2:350, acc:971
INFO 2024-04-22 20:24:40,396 iter:3000, loss:1.9602763652801514, total_2:846, cnt_2:350, acc:974
INFO 2024-04-22 20:35:54,964 iter:4000, loss:2.0478923320770264, total_2:846, cnt_2:350, acc:971
INFO 2024-04-22 20:47:07,005 iter:5000, loss:1.8260756731033325, total_2:846, cnt_2:350, acc:990
INFO 2024-04-22 20:48:36,920 train_epoch:9, total_1:0, cnt_1:0, total_2:4754, cnt_2:1286
INFO 2024-04-22 21:00:36,960 iter:1000, loss:1.9564956426620483, total_2:846, cnt_2:350, acc:1003
INFO 2024-04-22 21:12:07,919 iter:2000, loss:1.8506501913070679, total_2:846, cnt_2:350, acc:1016
INFO 2024-04-22 21:23:34,766 iter:3000, loss:1.9886380434036255, total_2:846, cnt_2:350, acc:1006
INFO 2024-04-22 21:34:52,476 iter:4000, loss:2.0020315647125244, total_2:846, cnt_2:350, acc:988
INFO 2024-04-22 21:46:03,552 iter:5000, loss:1.9478611946105957, total_2:846, cnt_2:350, acc:1012
INFO 2024-04-22 21:47:35,196 train_epoch:10, total_1:0, cnt_1:0, total_2:4772, cnt_2:1288
INFO 2024-04-22 21:59:43,640 iter:1000, loss:1.9156616926193237, total_2:846, cnt_2:350, acc:991
INFO 2024-04-22 22:11:01,363 iter:2000, loss:1.900458574295044, total_2:846, cnt_2:350, acc:1008
INFO 2024-04-22 22:22:13,117 iter:3000, loss:1.970673680305481, total_2:846, cnt_2:350, acc:1029
INFO 2024-04-22 22:33:38,427 iter:4000, loss:1.987763524055481, total_2:846, cnt_2:350, acc:1012
INFO 2024-04-22 22:44:58,213 iter:5000, loss:1.9987071752548218, total_2:846, cnt_2:350, acc:1033
INFO 2024-04-22 22:46:17,917 train_epoch:11, total_1:0, cnt_1:0, total_2:4746, cnt_2:1271
INFO 2024-04-22 22:58:26,121 iter:1000, loss:2.132087469100952, total_2:846, cnt_2:350, acc:985
INFO 2024-04-22 23:09:32,304 iter:2000, loss:2.0360798835754395, total_2:846, cnt_2:350, acc:983
INFO 2024-04-22 23:20:35,404 iter:3000, loss:2.044764280319214, total_2:846, cnt_2:350, acc:992
INFO 2024-04-22 23:31:44,321 iter:4000, loss:2.2100026607513428, total_2:846, cnt_2:350, acc:977
INFO 2024-04-22 23:42:58,234 iter:5000, loss:2.0956320762634277, total_2:846, cnt_2:350, acc:1022
INFO 2024-04-22 23:44:29,341 train_epoch:12, total_1:0, cnt_1:0, total_2:4747, cnt_2:1269
INFO 2024-04-22 23:56:21,682 iter:1000, loss:1.9890172481536865, total_2:846, cnt_2:350, acc:1078
INFO 2024-04-23 00:07:54,144 iter:2000, loss:2.0199098587036133, total_2:846, cnt_2:350, acc:1070
INFO 2024-04-23 00:19:32,726 iter:3000, loss:1.9464354515075684, total_2:846, cnt_2:350, acc:1106
INFO 2024-04-23 00:30:39,133 iter:4000, loss:1.993061900138855, total_2:846, cnt_2:350, acc:1066
INFO 2024-04-23 00:41:42,231 iter:5000, loss:1.8592736721038818, total_2:846, cnt_2:350, acc:1086
INFO 2024-04-23 00:43:08,127 train_epoch:13, total_1:0, cnt_1:0, total_2:4772, cnt_2:1287
INFO 2024-04-23 00:55:23,385 iter:1000, loss:1.9154679775238037, total_2:846, cnt_2:350, acc:1075
INFO 2024-04-23 01:06:37,680 iter:2000, loss:2.103222608566284, total_2:846, cnt_2:350, acc:1068
